<?xml version="1.0" encoding="UTF-8"?>
<testsuite xmlns:xsi="http://www.w3.org/2001/XMLSchema-instance" xsi:noNamespaceSchemaLocation="https://maven.apache.org/surefire/maven-surefire-plugin/xsd/surefire-test-report-3.0.xsd" version="3.0" name="com.resume.ResumeApplicationTests" time="4.346" tests="1" errors="0" skipped="0" failures="0">
  <properties>
[...]
</properties>
  <testcase name="contextLoads" classname="com.resume.ResumeApplicationTests" time="1.239">
    <system-out><![CDATA[22:41:12.771 [main] INFO org.springframework.test.context.support.AnnotationConfigContextLoaderUtils -- Could not detect default configuration classes for test class [com.resume.ResumeApplicationTests]: ResumeApplicationTests does not declare any static, non-private, non-final, nested classes annotated with @Configuration.
22:41:12.897 [main] INFO org.springframework.boot.test.context.SpringBootTestContextBootstrapper -- Found @SpringBootConfiguration com.resume.ResumeApplication for test class com.resume.ResumeApplicationTests

  .   ____          _            __ _ _
 /\\ / ___'_ __ _ _(_)_ __  __ _ \ \ \ \
( ( )\___ | '_ | '_| | '_ \/ _` | \ \ \ \
 \\/  ___)| |_)| | | | | || (_| |  ) ) ) )
  '  |____| .__|_| |_|_| |_\__, | / / / /
 =========|_|==============|___/=/_/_/_/
 :: Spring Boot ::                (v3.1.1)

2023-07-12T22:41:13.499+05:30  WARN 24516 --- [           main] ory$DuplicateJsonObjectContextCustomizer : 

Found multiple occurrences of org.json.JSONObject on the class path:

	jar:file:/C:/Users/A%20V%20Support/.m2/repository/com/vaadin/external/google/android-json/0.0.20131108.vaadin1/android-json-0.0.20131108.vaadin1.jar!/org/json/JSONObject.class
	jar:file:/C:/Users/A%20V%20Support/.m2/repository/org/json/json/20230227/json-20230227.jar!/org/json/JSONObject.class

You may wish to exclude one of them to ensure predictable runtime behavior

2023-07-12T22:41:13.522+05:30  INFO 24516 --- [           main] com.resume.ResumeApplicationTests        : Starting ResumeApplicationTests using Java 17.0.4 with PID 24516 (started by A V Support in C:\Users\A V Support\OneDrive\Desktop\projects\APIGeneration\resume)
2023-07-12T22:41:13.522+05:30  INFO 24516 --- [           main] com.resume.ResumeApplicationTests        : No active profile set, falling back to 1 default profile: "default"
2023-07-12T22:41:15.643+05:30  INFO 24516 --- [           main] com.resume.ResumeApplicationTests        : Started ResumeApplicationTests in 2.452 seconds (process running for 3.87)
]]></system-out>
  </testcase>
</testsuite>